[2025-12-02T04:13:36.828+0000] {manager.py:483} INFO - Processing files using up to 2 processes at a time 
[2025-12-02T04:13:36.828+0000] {manager.py:484} INFO - Process each file at most once every 30 seconds
[2025-12-02T04:13:36.829+0000] {manager.py:485} INFO - Checking for new files in /opt/airflow/dags every 300 seconds
[2025-12-02T04:13:36.829+0000] {manager.py:821} INFO - Searching for files in /opt/airflow/dags
[2025-12-02T04:13:36.831+0000] {manager.py:824} INFO - There are 1 files in /opt/airflow/dags
[2025-12-02T04:13:36.882+0000] {manager.py:997} INFO - 
================================================================================
DAG File Processing Stats

File Path                                    PID  Runtime      # DAGs    # Errors  Last Runtime    Last Run      Last # of DB Queries
-----------------------------------------  -----  ---------  --------  ----------  --------------  ----------  ----------------------
/opt/airflow/dags/daily_mbta_delay_etl.py    176  0.01s             0           0                                                   0
================================================================================
[2025-12-02T04:14:07.106+0000] {manager.py:997} INFO - 
================================================================================
DAG File Processing Stats

File Path                                  PID    Runtime      # DAGs    # Errors  Last Runtime    Last Run               Last # of DB Queries
-----------------------------------------  -----  ---------  --------  ----------  --------------  -------------------  ----------------------
/opt/airflow/dags/daily_mbta_delay_etl.py                           1           0  0.73s           2025-12-02T04:13:37                      26
================================================================================
[2025-12-02T04:14:37.187+0000] {manager.py:997} INFO - 
================================================================================
DAG File Processing Stats

File Path                                  PID    Runtime      # DAGs    # Errors  Last Runtime    Last Run               Last # of DB Queries
-----------------------------------------  -----  ---------  --------  ----------  --------------  -------------------  ----------------------
/opt/airflow/dags/daily_mbta_delay_etl.py                           1           0  0.16s           2025-12-02T04:14:08                      12
================================================================================
[2025-12-02T04:15:07.601+0000] {manager.py:997} INFO - 
================================================================================
DAG File Processing Stats

File Path                                  PID    Runtime      # DAGs    # Errors  Last Runtime    Last Run               Last # of DB Queries
-----------------------------------------  -----  ---------  --------  ----------  --------------  -------------------  ----------------------
/opt/airflow/dags/daily_mbta_delay_etl.py                           1           0  0.17s           2025-12-02T04:14:38                      12
================================================================================
[2025-12-02T04:15:37.898+0000] {manager.py:997} INFO - 
================================================================================
DAG File Processing Stats

File Path                                  PID    Runtime      # DAGs    # Errors  Last Runtime    Last Run               Last # of DB Queries
-----------------------------------------  -----  ---------  --------  ----------  --------------  -------------------  ----------------------
/opt/airflow/dags/daily_mbta_delay_etl.py                           1           0  0.18s           2025-12-02T04:15:08                      12
================================================================================
[2025-12-02T04:16:08.324+0000] {manager.py:997} INFO - 
================================================================================
DAG File Processing Stats

File Path                                  PID    Runtime      # DAGs    # Errors  Last Runtime    Last Run               Last # of DB Queries
-----------------------------------------  -----  ---------  --------  ----------  --------------  -------------------  ----------------------
/opt/airflow/dags/daily_mbta_delay_etl.py                           1           0  0.16s           2025-12-02T04:15:39                      12
================================================================================
[2025-12-02T04:16:38.610+0000] {manager.py:997} INFO - 
================================================================================
DAG File Processing Stats

File Path                                  PID    Runtime      # DAGs    # Errors  Last Runtime    Last Run               Last # of DB Queries
-----------------------------------------  -----  ---------  --------  ----------  --------------  -------------------  ----------------------
/opt/airflow/dags/daily_mbta_delay_etl.py                           1           0  0.17s           2025-12-02T04:16:09                      12
================================================================================
[2025-12-02T04:17:09.063+0000] {manager.py:997} INFO - 
================================================================================
DAG File Processing Stats

File Path                                  PID    Runtime      # DAGs    # Errors  Last Runtime    Last Run               Last # of DB Queries
-----------------------------------------  -----  ---------  --------  ----------  --------------  -------------------  ----------------------
/opt/airflow/dags/daily_mbta_delay_etl.py                           1           0  0.16s           2025-12-02T04:16:39                      12
================================================================================
[2025-12-02T04:17:39.395+0000] {manager.py:997} INFO - 
================================================================================
DAG File Processing Stats

File Path                                  PID    Runtime      # DAGs    # Errors  Last Runtime    Last Run               Last # of DB Queries
-----------------------------------------  -----  ---------  --------  ----------  --------------  -------------------  ----------------------
/opt/airflow/dags/daily_mbta_delay_etl.py                           1           0  0.17s           2025-12-02T04:17:10                      12
================================================================================
[2025-12-02T04:18:09.754+0000] {manager.py:997} INFO - 
================================================================================
DAG File Processing Stats

File Path                                  PID    Runtime      # DAGs    # Errors  Last Runtime    Last Run               Last # of DB Queries
-----------------------------------------  -----  ---------  --------  ----------  --------------  -------------------  ----------------------
/opt/airflow/dags/daily_mbta_delay_etl.py                           1           0  0.16s           2025-12-02T04:17:40                      12
================================================================================
[2025-12-02T04:18:37.090+0000] {manager.py:821} INFO - Searching for files in /opt/airflow/dags
[2025-12-02T04:18:37.097+0000] {manager.py:824} INFO - There are 1 files in /opt/airflow/dags
[2025-12-02T04:18:40.141+0000] {manager.py:997} INFO - 
================================================================================
DAG File Processing Stats

File Path                                  PID    Runtime      # DAGs    # Errors  Last Runtime    Last Run               Last # of DB Queries
-----------------------------------------  -----  ---------  --------  ----------  --------------  -------------------  ----------------------
/opt/airflow/dags/daily_mbta_delay_etl.py                           1           0  0.17s           2025-12-02T04:18:10                      12
================================================================================
[2025-12-02T04:19:10.510+0000] {manager.py:997} INFO - 
================================================================================
DAG File Processing Stats

File Path                                  PID    Runtime      # DAGs    # Errors  Last Runtime    Last Run               Last # of DB Queries
-----------------------------------------  -----  ---------  --------  ----------  --------------  -------------------  ----------------------
/opt/airflow/dags/daily_mbta_delay_etl.py                           1           0  0.16s           2025-12-02T04:18:41                      12
================================================================================
[2025-12-02T04:19:40.844+0000] {manager.py:997} INFO - 
================================================================================
DAG File Processing Stats

File Path                                  PID    Runtime      # DAGs    # Errors  Last Runtime    Last Run               Last # of DB Queries
-----------------------------------------  -----  ---------  --------  ----------  --------------  -------------------  ----------------------
/opt/airflow/dags/daily_mbta_delay_etl.py                           1           0  0.17s           2025-12-02T04:19:11                      12
================================================================================
[2025-12-02T04:20:11.150+0000] {manager.py:997} INFO - 
================================================================================
DAG File Processing Stats

File Path                                  PID    Runtime      # DAGs    # Errors  Last Runtime    Last Run               Last # of DB Queries
-----------------------------------------  -----  ---------  --------  ----------  --------------  -------------------  ----------------------
/opt/airflow/dags/daily_mbta_delay_etl.py                           1           0  0.17s           2025-12-02T04:19:42                      12
================================================================================
[2025-12-02T04:20:41.610+0000] {manager.py:997} INFO - 
================================================================================
DAG File Processing Stats

File Path                                  PID    Runtime      # DAGs    # Errors  Last Runtime    Last Run               Last # of DB Queries
-----------------------------------------  -----  ---------  --------  ----------  --------------  -------------------  ----------------------
/opt/airflow/dags/daily_mbta_delay_etl.py                           1           0  0.16s           2025-12-02T04:20:12                      12
================================================================================
[2025-12-02T04:21:11.898+0000] {manager.py:997} INFO - 
================================================================================
DAG File Processing Stats

File Path                                  PID    Runtime      # DAGs    # Errors  Last Runtime    Last Run               Last # of DB Queries
-----------------------------------------  -----  ---------  --------  ----------  --------------  -------------------  ----------------------
/opt/airflow/dags/daily_mbta_delay_etl.py                           1           0  0.16s           2025-12-02T04:20:42                      12
================================================================================
[2025-12-02T04:21:42.350+0000] {manager.py:997} INFO - 
================================================================================
DAG File Processing Stats

File Path                                  PID    Runtime      # DAGs    # Errors  Last Runtime    Last Run               Last # of DB Queries
-----------------------------------------  -----  ---------  --------  ----------  --------------  -------------------  ----------------------
/opt/airflow/dags/daily_mbta_delay_etl.py                           1           0  0.17s           2025-12-02T04:21:13                      12
================================================================================
[2025-12-02T04:22:12.676+0000] {manager.py:997} INFO - 
================================================================================
DAG File Processing Stats

File Path                                  PID    Runtime      # DAGs    # Errors  Last Runtime    Last Run               Last # of DB Queries
-----------------------------------------  -----  ---------  --------  ----------  --------------  -------------------  ----------------------
/opt/airflow/dags/daily_mbta_delay_etl.py                           1           0  0.16s           2025-12-02T04:21:43                      12
================================================================================
[2025-12-02T04:22:43.094+0000] {manager.py:997} INFO - 
================================================================================
DAG File Processing Stats

File Path                                  PID    Runtime      # DAGs    # Errors  Last Runtime    Last Run               Last # of DB Queries
-----------------------------------------  -----  ---------  --------  ----------  --------------  -------------------  ----------------------
/opt/airflow/dags/daily_mbta_delay_etl.py                           1           0  0.16s           2025-12-02T04:22:13                      12
================================================================================
[2025-12-02T04:23:13.402+0000] {manager.py:997} INFO - 
================================================================================
DAG File Processing Stats

File Path                                  PID    Runtime      # DAGs    # Errors  Last Runtime    Last Run               Last # of DB Queries
-----------------------------------------  -----  ---------  --------  ----------  --------------  -------------------  ----------------------
/opt/airflow/dags/daily_mbta_delay_etl.py                           1           0  0.17s           2025-12-02T04:22:44                      12
================================================================================
[2025-12-02T04:23:37.788+0000] {manager.py:821} INFO - Searching for files in /opt/airflow/dags
[2025-12-02T04:23:37.796+0000] {manager.py:824} INFO - There are 1 files in /opt/airflow/dags
[2025-12-02T04:23:43.880+0000] {manager.py:997} INFO - 
================================================================================
DAG File Processing Stats

File Path                                  PID    Runtime      # DAGs    # Errors  Last Runtime    Last Run               Last # of DB Queries
-----------------------------------------  -----  ---------  --------  ----------  --------------  -------------------  ----------------------
/opt/airflow/dags/daily_mbta_delay_etl.py                           1           0  0.16s           2025-12-02T04:23:14                      12
================================================================================
[2025-12-02T04:24:14.171+0000] {manager.py:997} INFO - 
================================================================================
DAG File Processing Stats

File Path                                  PID    Runtime      # DAGs    # Errors  Last Runtime    Last Run               Last # of DB Queries
-----------------------------------------  -----  ---------  --------  ----------  --------------  -------------------  ----------------------
/opt/airflow/dags/daily_mbta_delay_etl.py                           1           0  0.16s           2025-12-02T04:23:45                      12
================================================================================
[2025-12-02T04:24:44.606+0000] {manager.py:997} INFO - 
================================================================================
DAG File Processing Stats

File Path                                  PID    Runtime      # DAGs    # Errors  Last Runtime    Last Run               Last # of DB Queries
-----------------------------------------  -----  ---------  --------  ----------  --------------  -------------------  ----------------------
/opt/airflow/dags/daily_mbta_delay_etl.py                           1           0  0.15s           2025-12-02T04:24:15                      12
================================================================================
[2025-12-02T04:25:14.908+0000] {manager.py:997} INFO - 
================================================================================
DAG File Processing Stats

File Path                                  PID    Runtime      # DAGs    # Errors  Last Runtime    Last Run               Last # of DB Queries
-----------------------------------------  -----  ---------  --------  ----------  --------------  -------------------  ----------------------
/opt/airflow/dags/daily_mbta_delay_etl.py                           1           0  0.16s           2025-12-02T04:24:45                      12
================================================================================
[2025-12-02T04:25:45.377+0000] {manager.py:997} INFO - 
================================================================================
DAG File Processing Stats

File Path                                  PID    Runtime      # DAGs    # Errors  Last Runtime    Last Run               Last # of DB Queries
-----------------------------------------  -----  ---------  --------  ----------  --------------  -------------------  ----------------------
/opt/airflow/dags/daily_mbta_delay_etl.py                           1           0  0.16s           2025-12-02T04:25:16                      12
================================================================================
[2025-12-02T04:26:15.678+0000] {manager.py:997} INFO - 
================================================================================
DAG File Processing Stats

File Path                                  PID    Runtime      # DAGs    # Errors  Last Runtime    Last Run               Last # of DB Queries
-----------------------------------------  -----  ---------  --------  ----------  --------------  -------------------  ----------------------
/opt/airflow/dags/daily_mbta_delay_etl.py                           1           0  0.16s           2025-12-02T04:25:46                      12
================================================================================
[2025-12-02T04:26:46.123+0000] {manager.py:997} INFO - 
================================================================================
DAG File Processing Stats

File Path                                  PID    Runtime      # DAGs    # Errors  Last Runtime    Last Run               Last # of DB Queries
-----------------------------------------  -----  ---------  --------  ----------  --------------  -------------------  ----------------------
/opt/airflow/dags/daily_mbta_delay_etl.py                           1           0  0.16s           2025-12-02T04:26:16                      12
================================================================================
[2025-12-02T04:27:16.441+0000] {manager.py:997} INFO - 
================================================================================
DAG File Processing Stats

File Path                                  PID    Runtime      # DAGs    # Errors  Last Runtime    Last Run               Last # of DB Queries
-----------------------------------------  -----  ---------  --------  ----------  --------------  -------------------  ----------------------
/opt/airflow/dags/daily_mbta_delay_etl.py                           1           0  0.16s           2025-12-02T04:26:47                      12
================================================================================
[2025-12-02T04:27:46.830+0000] {manager.py:997} INFO - 
================================================================================
DAG File Processing Stats

File Path                                  PID    Runtime      # DAGs    # Errors  Last Runtime    Last Run               Last # of DB Queries
-----------------------------------------  -----  ---------  --------  ----------  --------------  -------------------  ----------------------
/opt/airflow/dags/daily_mbta_delay_etl.py                           1           0  0.16s           2025-12-02T04:27:17                      12
================================================================================
[2025-12-02T04:28:17.117+0000] {manager.py:997} INFO - 
================================================================================
DAG File Processing Stats

File Path                                  PID    Runtime      # DAGs    # Errors  Last Runtime    Last Run               Last # of DB Queries
-----------------------------------------  -----  ---------  --------  ----------  --------------  -------------------  ----------------------
/opt/airflow/dags/daily_mbta_delay_etl.py                           1           0  0.16s           2025-12-02T04:27:48                      12
================================================================================
[2025-12-02T04:28:38.474+0000] {manager.py:821} INFO - Searching for files in /opt/airflow/dags
[2025-12-02T04:28:38.481+0000] {manager.py:824} INFO - There are 1 files in /opt/airflow/dags
[2025-12-02T04:28:47.588+0000] {manager.py:997} INFO - 
================================================================================
DAG File Processing Stats

File Path                                  PID    Runtime      # DAGs    # Errors  Last Runtime    Last Run               Last # of DB Queries
-----------------------------------------  -----  ---------  --------  ----------  --------------  -------------------  ----------------------
/opt/airflow/dags/daily_mbta_delay_etl.py                           1           0  0.16s           2025-12-02T04:28:18                      12
================================================================================
[2025-12-02T04:29:17.896+0000] {manager.py:997} INFO - 
================================================================================
DAG File Processing Stats

File Path                                  PID    Runtime      # DAGs    # Errors  Last Runtime    Last Run               Last # of DB Queries
-----------------------------------------  -----  ---------  --------  ----------  --------------  -------------------  ----------------------
/opt/airflow/dags/daily_mbta_delay_etl.py                           1           0  0.16s           2025-12-02T04:28:48                      12
================================================================================
[2025-12-02T04:29:48.319+0000] {manager.py:997} INFO - 
================================================================================
DAG File Processing Stats

File Path                                  PID    Runtime      # DAGs    # Errors  Last Runtime    Last Run               Last # of DB Queries
-----------------------------------------  -----  ---------  --------  ----------  --------------  -------------------  ----------------------
/opt/airflow/dags/daily_mbta_delay_etl.py                           1           0  0.16s           2025-12-02T04:29:19                      12
================================================================================
[2025-12-02T04:30:18.641+0000] {manager.py:997} INFO - 
================================================================================
DAG File Processing Stats

File Path                                  PID    Runtime      # DAGs    # Errors  Last Runtime    Last Run               Last # of DB Queries
-----------------------------------------  -----  ---------  --------  ----------  --------------  -------------------  ----------------------
/opt/airflow/dags/daily_mbta_delay_etl.py                           1           0  0.16s           2025-12-02T04:29:49                      12
================================================================================
[2025-12-02T04:30:49.040+0000] {manager.py:997} INFO - 
================================================================================
DAG File Processing Stats

File Path                                  PID    Runtime      # DAGs    # Errors  Last Runtime    Last Run               Last # of DB Queries
-----------------------------------------  -----  ---------  --------  ----------  --------------  -------------------  ----------------------
/opt/airflow/dags/daily_mbta_delay_etl.py                           1           0  0.16s           2025-12-02T04:30:19                      12
================================================================================
[2025-12-02T04:31:19.315+0000] {manager.py:997} INFO - 
================================================================================
DAG File Processing Stats

File Path                                  PID    Runtime      # DAGs    # Errors  Last Runtime    Last Run               Last # of DB Queries
-----------------------------------------  -----  ---------  --------  ----------  --------------  -------------------  ----------------------
/opt/airflow/dags/daily_mbta_delay_etl.py                           1           0  0.14s           2025-12-02T04:30:50                      12
================================================================================
[2025-12-02T04:31:49.724+0000] {manager.py:997} INFO - 
================================================================================
DAG File Processing Stats

File Path                                  PID    Runtime      # DAGs    # Errors  Last Runtime    Last Run               Last # of DB Queries
-----------------------------------------  -----  ---------  --------  ----------  --------------  -------------------  ----------------------
/opt/airflow/dags/daily_mbta_delay_etl.py                           1           0  0.16s           2025-12-02T04:31:20                      12
================================================================================
[2025-12-02T04:32:20.025+0000] {manager.py:997} INFO - 
================================================================================
DAG File Processing Stats

File Path                                  PID    Runtime      # DAGs    # Errors  Last Runtime    Last Run               Last # of DB Queries
-----------------------------------------  -----  ---------  --------  ----------  --------------  -------------------  ----------------------
/opt/airflow/dags/daily_mbta_delay_etl.py                           1           0  0.18s           2025-12-02T04:31:50                      12
================================================================================
[2025-12-02T04:32:50.482+0000] {manager.py:997} INFO - 
================================================================================
DAG File Processing Stats

File Path                                  PID    Runtime      # DAGs    # Errors  Last Runtime    Last Run               Last # of DB Queries
-----------------------------------------  -----  ---------  --------  ----------  --------------  -------------------  ----------------------
/opt/airflow/dags/daily_mbta_delay_etl.py                           1           0  0.16s           2025-12-02T04:32:21                      12
================================================================================
[2025-12-02T04:33:20.776+0000] {manager.py:997} INFO - 
================================================================================
DAG File Processing Stats

File Path                                  PID    Runtime      # DAGs    # Errors  Last Runtime    Last Run               Last # of DB Queries
-----------------------------------------  -----  ---------  --------  ----------  --------------  -------------------  ----------------------
/opt/airflow/dags/daily_mbta_delay_etl.py                           1           0  0.16s           2025-12-02T04:32:51                      12
================================================================================
[2025-12-02T04:33:39.074+0000] {manager.py:821} INFO - Searching for files in /opt/airflow/dags
[2025-12-02T04:33:39.077+0000] {manager.py:824} INFO - There are 1 files in /opt/airflow/dags
[2025-12-02T04:33:51.219+0000] {manager.py:997} INFO - 
================================================================================
DAG File Processing Stats

File Path                                  PID    Runtime      # DAGs    # Errors  Last Runtime    Last Run               Last # of DB Queries
-----------------------------------------  -----  ---------  --------  ----------  --------------  -------------------  ----------------------
/opt/airflow/dags/daily_mbta_delay_etl.py                           1           0  0.16s           2025-12-02T04:33:21                      12
================================================================================
[2025-12-02T04:34:21.509+0000] {manager.py:997} INFO - 
================================================================================
DAG File Processing Stats

File Path                                  PID    Runtime      # DAGs    # Errors  Last Runtime    Last Run               Last # of DB Queries
-----------------------------------------  -----  ---------  --------  ----------  --------------  -------------------  ----------------------
/opt/airflow/dags/daily_mbta_delay_etl.py                           1           0  0.16s           2025-12-02T04:33:52                      12
================================================================================
[2025-12-02T04:34:51.963+0000] {manager.py:997} INFO - 
================================================================================
DAG File Processing Stats

File Path                                  PID    Runtime      # DAGs    # Errors  Last Runtime    Last Run               Last # of DB Queries
-----------------------------------------  -----  ---------  --------  ----------  --------------  -------------------  ----------------------
/opt/airflow/dags/daily_mbta_delay_etl.py                           1           0  0.18s           2025-12-02T04:34:22                      12
================================================================================
[2025-12-02T04:35:22.286+0000] {manager.py:997} INFO - 
================================================================================
DAG File Processing Stats

File Path                                  PID    Runtime      # DAGs    # Errors  Last Runtime    Last Run               Last # of DB Queries
-----------------------------------------  -----  ---------  --------  ----------  --------------  -------------------  ----------------------
/opt/airflow/dags/daily_mbta_delay_etl.py                           1           0  0.17s           2025-12-02T04:34:53                      12
================================================================================
[2025-12-02T04:35:52.702+0000] {manager.py:997} INFO - 
================================================================================
DAG File Processing Stats

File Path                                  PID    Runtime      # DAGs    # Errors  Last Runtime    Last Run               Last # of DB Queries
-----------------------------------------  -----  ---------  --------  ----------  --------------  -------------------  ----------------------
/opt/airflow/dags/daily_mbta_delay_etl.py                           1           0  0.16s           2025-12-02T04:35:23                      12
================================================================================
[2025-12-02T04:36:23.020+0000] {manager.py:997} INFO - 
================================================================================
DAG File Processing Stats

File Path                                  PID    Runtime      # DAGs    # Errors  Last Runtime    Last Run               Last # of DB Queries
-----------------------------------------  -----  ---------  --------  ----------  --------------  -------------------  ----------------------
/opt/airflow/dags/daily_mbta_delay_etl.py                           1           0  0.15s           2025-12-02T04:35:59                      12
================================================================================
[2025-12-02T04:36:53.465+0000] {manager.py:997} INFO - 
================================================================================
DAG File Processing Stats

File Path                                  PID    Runtime      # DAGs    # Errors  Last Runtime    Last Run               Last # of DB Queries
-----------------------------------------  -----  ---------  --------  ----------  --------------  -------------------  ----------------------
/opt/airflow/dags/daily_mbta_delay_etl.py                           1           0  0.23s           2025-12-02T04:36:52                      22
================================================================================
[2025-12-02T04:37:14.830+0000] {manager.py:465} INFO - Exiting gracefully upon receiving signal 15
[2025-12-02T04:37:20.163+0000] {manager.py:483} INFO - Processing files using up to 2 processes at a time 
[2025-12-02T04:37:20.163+0000] {manager.py:484} INFO - Process each file at most once every 30 seconds
[2025-12-02T04:37:20.164+0000] {manager.py:485} INFO - Checking for new files in /opt/airflow/dags every 300 seconds
[2025-12-02T04:37:20.164+0000] {manager.py:821} INFO - Searching for files in /opt/airflow/dags
[2025-12-02T04:37:20.165+0000] {manager.py:824} INFO - There are 1 files in /opt/airflow/dags
[2025-12-02T04:37:20.188+0000] {manager.py:997} INFO - 
================================================================================
DAG File Processing Stats

File Path                                    PID  Runtime      # DAGs    # Errors  Last Runtime    Last Run      Last # of DB Queries
-----------------------------------------  -----  ---------  --------  ----------  --------------  ----------  ----------------------
/opt/airflow/dags/daily_mbta_delay_etl.py    177  0.01s             0           0                                                   0
================================================================================
[2025-12-02T04:37:50.458+0000] {manager.py:997} INFO - 
================================================================================
DAG File Processing Stats

File Path                                    PID  Runtime      # DAGs    # Errors  Last Runtime    Last Run               Last # of DB Queries
-----------------------------------------  -----  ---------  --------  ----------  --------------  -------------------  ----------------------
/opt/airflow/dags/daily_mbta_delay_etl.py    183  0.01s             1           0  0.14s           2025-12-02T04:37:20                      11
================================================================================
[2025-12-02T04:38:20.937+0000] {manager.py:997} INFO - 
================================================================================
DAG File Processing Stats

File Path                                    PID  Runtime      # DAGs    # Errors  Last Runtime    Last Run               Last # of DB Queries
-----------------------------------------  -----  ---------  --------  ----------  --------------  -------------------  ----------------------
/opt/airflow/dags/daily_mbta_delay_etl.py    199  0.01s             1           0  0.17s           2025-12-02T04:38:19                      12
================================================================================
[2025-12-02T04:38:47.507+0000] {manager.py:465} INFO - Exiting gracefully upon receiving signal 15
[2025-12-02T04:38:52.571+0000] {manager.py:483} INFO - Processing files using up to 2 processes at a time 
[2025-12-02T04:38:52.571+0000] {manager.py:484} INFO - Process each file at most once every 30 seconds
[2025-12-02T04:38:52.573+0000] {manager.py:485} INFO - Checking for new files in /opt/airflow/dags every 300 seconds
[2025-12-02T04:38:52.574+0000] {manager.py:821} INFO - Searching for files in /opt/airflow/dags
[2025-12-02T04:38:52.576+0000] {manager.py:824} INFO - There are 1 files in /opt/airflow/dags
[2025-12-02T04:38:52.605+0000] {manager.py:997} INFO - 
================================================================================
DAG File Processing Stats

File Path                                    PID  Runtime      # DAGs    # Errors  Last Runtime    Last Run      Last # of DB Queries
-----------------------------------------  -----  ---------  --------  ----------  --------------  ----------  ----------------------
/opt/airflow/dags/daily_mbta_delay_etl.py    177  0.01s             0           0                                                   0
================================================================================
[2025-12-02T04:39:22.868+0000] {manager.py:997} INFO - 
================================================================================
DAG File Processing Stats

File Path                                    PID  Runtime      # DAGs    # Errors  Last Runtime    Last Run               Last # of DB Queries
-----------------------------------------  -----  ---------  --------  ----------  --------------  -------------------  ----------------------
/opt/airflow/dags/daily_mbta_delay_etl.py    183  0.01s             1           0  0.15s           2025-12-02T04:38:52                      12
================================================================================
[2025-12-02T04:39:53.342+0000] {manager.py:997} INFO - 
================================================================================
DAG File Processing Stats

File Path                                    PID  Runtime      # DAGs    # Errors  Last Runtime    Last Run               Last # of DB Queries
-----------------------------------------  -----  ---------  --------  ----------  --------------  -------------------  ----------------------
/opt/airflow/dags/daily_mbta_delay_etl.py    189  0.01s             1           0  0.18s           2025-12-02T04:39:23                      12
================================================================================
[2025-12-02T04:40:23.684+0000] {manager.py:997} INFO - 
================================================================================
DAG File Processing Stats

File Path                                    PID  Runtime      # DAGs    # Errors  Last Runtime    Last Run               Last # of DB Queries
-----------------------------------------  -----  ---------  --------  ----------  --------------  -------------------  ----------------------
/opt/airflow/dags/daily_mbta_delay_etl.py    195  0.01s             1           0  0.16s           2025-12-02T04:39:53                      12
================================================================================
[2025-12-02T04:40:54.094+0000] {manager.py:997} INFO - 
================================================================================
DAG File Processing Stats

File Path                                    PID  Runtime      # DAGs    # Errors  Last Runtime    Last Run               Last # of DB Queries
-----------------------------------------  -----  ---------  --------  ----------  --------------  -------------------  ----------------------
/opt/airflow/dags/daily_mbta_delay_etl.py    201  0.00s             1           0  0.17s           2025-12-02T04:40:23                      12
================================================================================
[2025-12-02T04:41:24.440+0000] {manager.py:997} INFO - 
================================================================================
DAG File Processing Stats

File Path                                    PID  Runtime      # DAGs    # Errors  Last Runtime    Last Run               Last # of DB Queries
-----------------------------------------  -----  ---------  --------  ----------  --------------  -------------------  ----------------------
/opt/airflow/dags/daily_mbta_delay_etl.py    207  0.01s             1           0  0.16s           2025-12-02T04:40:54                      12
================================================================================
[2025-12-02T04:41:54.869+0000] {manager.py:997} INFO - 
================================================================================
DAG File Processing Stats

File Path                                    PID  Runtime      # DAGs    # Errors  Last Runtime    Last Run               Last # of DB Queries
-----------------------------------------  -----  ---------  --------  ----------  --------------  -------------------  ----------------------
/opt/airflow/dags/daily_mbta_delay_etl.py    213  0.01s             1           0  0.17s           2025-12-02T04:41:24                      12
================================================================================
[2025-12-02T04:42:25.205+0000] {manager.py:997} INFO - 
================================================================================
DAG File Processing Stats

File Path                                    PID  Runtime      # DAGs    # Errors  Last Runtime    Last Run               Last # of DB Queries
-----------------------------------------  -----  ---------  --------  ----------  --------------  -------------------  ----------------------
/opt/airflow/dags/daily_mbta_delay_etl.py    219  0.01s             1           0  0.16s           2025-12-02T04:41:55                      12
================================================================================
[2025-12-02T04:42:55.599+0000] {manager.py:997} INFO - 
================================================================================
DAG File Processing Stats

File Path                                    PID  Runtime      # DAGs    # Errors  Last Runtime    Last Run               Last # of DB Queries
-----------------------------------------  -----  ---------  --------  ----------  --------------  -------------------  ----------------------
/opt/airflow/dags/daily_mbta_delay_etl.py    225  0.00s             1           0  0.17s           2025-12-02T04:42:25                      12
================================================================================
[2025-12-02T04:43:25.851+0000] {manager.py:997} INFO - 
================================================================================
DAG File Processing Stats

File Path                                    PID  Runtime      # DAGs    # Errors  Last Runtime    Last Run               Last # of DB Queries
-----------------------------------------  -----  ---------  --------  ----------  --------------  -------------------  ----------------------
/opt/airflow/dags/daily_mbta_delay_etl.py    231  0.00s             1           0  0.15s           2025-12-02T04:42:55                      12
================================================================================
[2025-12-02T04:43:53.232+0000] {manager.py:821} INFO - Searching for files in /opt/airflow/dags
[2025-12-02T04:43:53.238+0000] {manager.py:824} INFO - There are 1 files in /opt/airflow/dags
[2025-12-02T04:43:56.279+0000] {manager.py:997} INFO - 
================================================================================
DAG File Processing Stats

File Path                                    PID  Runtime      # DAGs    # Errors  Last Runtime    Last Run               Last # of DB Queries
-----------------------------------------  -----  ---------  --------  ----------  --------------  -------------------  ----------------------
/opt/airflow/dags/daily_mbta_delay_etl.py    237  0.01s             1           0  0.16s           2025-12-02T04:43:26                      12
================================================================================
[2025-12-02T04:44:26.566+0000] {manager.py:997} INFO - 
================================================================================
DAG File Processing Stats

File Path                                    PID  Runtime      # DAGs    # Errors  Last Runtime    Last Run               Last # of DB Queries
-----------------------------------------  -----  ---------  --------  ----------  --------------  -------------------  ----------------------
/opt/airflow/dags/daily_mbta_delay_etl.py    243  0.01s             1           0  0.16s           2025-12-02T04:43:56                      12
================================================================================
[2025-12-02T04:44:57.013+0000] {manager.py:997} INFO - 
================================================================================
DAG File Processing Stats

File Path                                    PID  Runtime      # DAGs    # Errors  Last Runtime    Last Run               Last # of DB Queries
-----------------------------------------  -----  ---------  --------  ----------  --------------  -------------------  ----------------------
/opt/airflow/dags/daily_mbta_delay_etl.py    249  0.01s             1           0  0.16s           2025-12-02T04:44:26                      12
================================================================================
[2025-12-02T04:45:33.188+0000] {manager.py:997} INFO - 
================================================================================
DAG File Processing Stats

File Path                                    PID  Runtime      # DAGs    # Errors  Last Runtime    Last Run               Last # of DB Queries
-----------------------------------------  -----  ---------  --------  ----------  --------------  -------------------  ----------------------
/opt/airflow/dags/daily_mbta_delay_etl.py    465  0.00s             1           0  0.19s           2025-12-02T04:45:33                      12
================================================================================
[2025-12-02T04:46:21.319+0000] {manager.py:465} INFO - Exiting gracefully upon receiving signal 15
[2025-12-02T04:46:26.459+0000] {manager.py:483} INFO - Processing files using up to 2 processes at a time 
[2025-12-02T04:46:26.460+0000] {manager.py:484} INFO - Process each file at most once every 30 seconds
[2025-12-02T04:46:26.460+0000] {manager.py:485} INFO - Checking for new files in /opt/airflow/dags every 300 seconds
[2025-12-02T04:46:26.460+0000] {manager.py:821} INFO - Searching for files in /opt/airflow/dags
[2025-12-02T04:46:26.461+0000] {manager.py:824} INFO - There are 1 files in /opt/airflow/dags
[2025-12-02T04:46:26.485+0000] {manager.py:997} INFO - 
================================================================================
DAG File Processing Stats

File Path                                    PID  Runtime      # DAGs    # Errors  Last Runtime    Last Run      Last # of DB Queries
-----------------------------------------  -----  ---------  --------  ----------  --------------  ----------  ----------------------
/opt/airflow/dags/daily_mbta_delay_etl.py    177  0.01s             0           0                                                   0
================================================================================
[2025-12-02T04:46:56.751+0000] {manager.py:997} INFO - 
================================================================================
DAG File Processing Stats

File Path                                    PID  Runtime      # DAGs    # Errors  Last Runtime    Last Run               Last # of DB Queries
-----------------------------------------  -----  ---------  --------  ----------  --------------  -------------------  ----------------------
/opt/airflow/dags/daily_mbta_delay_etl.py    203  0.01s             1           0  0.14s           2025-12-02T04:46:26                      12
================================================================================
[2025-12-02T04:47:27.219+0000] {manager.py:997} INFO - 
================================================================================
DAG File Processing Stats

File Path                                    PID  Runtime      # DAGs    # Errors  Last Runtime    Last Run               Last # of DB Queries
-----------------------------------------  -----  ---------  --------  ----------  --------------  -------------------  ----------------------
/opt/airflow/dags/daily_mbta_delay_etl.py    209  0.01s             1           0  0.19s           2025-12-02T04:46:56                      12
================================================================================
[2025-12-02T04:47:57.524+0000] {manager.py:997} INFO - 
================================================================================
DAG File Processing Stats

File Path                                    PID  Runtime      # DAGs    # Errors  Last Runtime    Last Run               Last # of DB Queries
-----------------------------------------  -----  ---------  --------  ----------  --------------  -------------------  ----------------------
/opt/airflow/dags/daily_mbta_delay_etl.py    215  0.01s             1           0  0.25s           2025-12-02T04:47:27                      12
================================================================================
[2025-12-02T04:48:28.012+0000] {manager.py:997} INFO - 
================================================================================
DAG File Processing Stats

File Path                                    PID  Runtime      # DAGs    # Errors  Last Runtime    Last Run               Last # of DB Queries
-----------------------------------------  -----  ---------  --------  ----------  --------------  -------------------  ----------------------
/opt/airflow/dags/daily_mbta_delay_etl.py    221  0.01s             1           0  0.19s           2025-12-02T04:47:57                      12
================================================================================
[2025-12-02T04:48:58.424+0000] {manager.py:997} INFO - 
================================================================================
DAG File Processing Stats

File Path                                  PID    Runtime      # DAGs    # Errors  Last Runtime    Last Run               Last # of DB Queries
-----------------------------------------  -----  ---------  --------  ----------  --------------  -------------------  ----------------------
/opt/airflow/dags/daily_mbta_delay_etl.py                           0           1  0.15s           2025-12-02T04:48:46                       3
================================================================================
[2025-12-02T04:49:28.704+0000] {manager.py:997} INFO - 
================================================================================
DAG File Processing Stats

File Path                                  PID    Runtime      # DAGs    # Errors  Last Runtime    Last Run               Last # of DB Queries
-----------------------------------------  -----  ---------  --------  ----------  --------------  -------------------  ----------------------
/opt/airflow/dags/daily_mbta_delay_etl.py                           0           1  0.17s           2025-12-02T04:49:16                       5
================================================================================
[2025-12-02T04:49:59.125+0000] {manager.py:997} INFO - 
================================================================================
DAG File Processing Stats

File Path                                  PID    Runtime      # DAGs    # Errors  Last Runtime    Last Run               Last # of DB Queries
-----------------------------------------  -----  ---------  --------  ----------  --------------  -------------------  ----------------------
/opt/airflow/dags/daily_mbta_delay_etl.py                           0           1  0.14s           2025-12-02T04:49:47                       5
================================================================================
[2025-12-02T04:50:15.836+0000] {manager.py:465} INFO - Exiting gracefully upon receiving signal 15
[2025-12-02T04:50:20.873+0000] {manager.py:483} INFO - Processing files using up to 2 processes at a time 
[2025-12-02T04:50:20.873+0000] {manager.py:484} INFO - Process each file at most once every 30 seconds
[2025-12-02T04:50:20.873+0000] {manager.py:485} INFO - Checking for new files in /opt/airflow/dags every 300 seconds
[2025-12-02T04:50:20.874+0000] {manager.py:821} INFO - Searching for files in /opt/airflow/dags
[2025-12-02T04:50:20.875+0000] {manager.py:824} INFO - There are 1 files in /opt/airflow/dags
[2025-12-02T04:50:20.900+0000] {manager.py:997} INFO - 
================================================================================
DAG File Processing Stats

File Path                                    PID  Runtime      # DAGs    # Errors  Last Runtime    Last Run      Last # of DB Queries
-----------------------------------------  -----  ---------  --------  ----------  --------------  ----------  ----------------------
/opt/airflow/dags/daily_mbta_delay_etl.py    176  0.01s             0           0                                                   0
================================================================================
[2025-12-02T04:50:51.146+0000] {manager.py:997} INFO - 
================================================================================
DAG File Processing Stats

File Path                                    PID  Runtime      # DAGs    # Errors  Last Runtime    Last Run               Last # of DB Queries
-----------------------------------------  -----  ---------  --------  ----------  --------------  -------------------  ----------------------
/opt/airflow/dags/daily_mbta_delay_etl.py    202  0.00s             1           0  0.14s           2025-12-02T04:50:21                      11
================================================================================
[2025-12-02T04:51:21.615+0000] {manager.py:997} INFO - 
================================================================================
DAG File Processing Stats

File Path                                    PID  Runtime      # DAGs    # Errors  Last Runtime    Last Run               Last # of DB Queries
-----------------------------------------  -----  ---------  --------  ----------  --------------  -------------------  ----------------------
/opt/airflow/dags/daily_mbta_delay_etl.py    208  0.00s             1           0  0.16s           2025-12-02T04:50:51                      12
================================================================================
[2025-12-02T04:51:51.941+0000] {manager.py:997} INFO - 
================================================================================
DAG File Processing Stats

File Path                                    PID  Runtime      # DAGs    # Errors  Last Runtime    Last Run               Last # of DB Queries
-----------------------------------------  -----  ---------  --------  ----------  --------------  -------------------  ----------------------
/opt/airflow/dags/daily_mbta_delay_etl.py    214  0.00s             1           0  0.17s           2025-12-02T04:51:21                      12
================================================================================
[2025-12-02T04:52:22.367+0000] {manager.py:997} INFO - 
================================================================================
DAG File Processing Stats

File Path                                    PID  Runtime      # DAGs    # Errors  Last Runtime    Last Run               Last # of DB Queries
-----------------------------------------  -----  ---------  --------  ----------  --------------  -------------------  ----------------------
/opt/airflow/dags/daily_mbta_delay_etl.py    220  0.01s             1           0  0.17s           2025-12-02T04:51:52                      12
================================================================================
[2025-12-02T04:52:52.680+0000] {manager.py:997} INFO - 
================================================================================
DAG File Processing Stats

File Path                                    PID  Runtime      # DAGs    # Errors  Last Runtime    Last Run               Last # of DB Queries
-----------------------------------------  -----  ---------  --------  ----------  --------------  -------------------  ----------------------
/opt/airflow/dags/daily_mbta_delay_etl.py    226  0.01s             1           0  0.17s           2025-12-02T04:52:22                      12
================================================================================
[2025-12-02T04:53:23.122+0000] {manager.py:997} INFO - 
================================================================================
DAG File Processing Stats

File Path                                    PID  Runtime      # DAGs    # Errors  Last Runtime    Last Run               Last # of DB Queries
-----------------------------------------  -----  ---------  --------  ----------  --------------  -------------------  ----------------------
/opt/airflow/dags/daily_mbta_delay_etl.py    232  0.00s             1           0  0.16s           2025-12-02T04:52:52                      12
================================================================================
[2025-12-02T04:53:53.389+0000] {manager.py:997} INFO - 
================================================================================
DAG File Processing Stats

File Path                                    PID  Runtime      # DAGs    # Errors  Last Runtime    Last Run               Last # of DB Queries
-----------------------------------------  -----  ---------  --------  ----------  --------------  -------------------  ----------------------
/opt/airflow/dags/daily_mbta_delay_etl.py    238  0.00s             1           0  0.15s           2025-12-02T04:53:23                      12
================================================================================
[2025-12-02T04:54:23.761+0000] {manager.py:997} INFO - 
================================================================================
DAG File Processing Stats

File Path                                    PID  Runtime      # DAGs    # Errors  Last Runtime    Last Run               Last # of DB Queries
-----------------------------------------  -----  ---------  --------  ----------  --------------  -------------------  ----------------------
/opt/airflow/dags/daily_mbta_delay_etl.py    244  0.01s             1           0  0.14s           2025-12-02T04:53:53                      12
================================================================================
[2025-12-02T04:54:54.075+0000] {manager.py:997} INFO - 
================================================================================
DAG File Processing Stats

File Path                                    PID  Runtime      # DAGs    # Errors  Last Runtime    Last Run               Last # of DB Queries
-----------------------------------------  -----  ---------  --------  ----------  --------------  -------------------  ----------------------
/opt/airflow/dags/daily_mbta_delay_etl.py    250  0.00s             1           0  0.18s           2025-12-02T04:54:23                      12
================================================================================
[2025-12-02T04:55:21.479+0000] {manager.py:821} INFO - Searching for files in /opt/airflow/dags
[2025-12-02T04:55:21.484+0000] {manager.py:824} INFO - There are 1 files in /opt/airflow/dags
[2025-12-02T04:55:24.532+0000] {manager.py:997} INFO - 
================================================================================
DAG File Processing Stats

File Path                                    PID  Runtime      # DAGs    # Errors  Last Runtime    Last Run               Last # of DB Queries
-----------------------------------------  -----  ---------  --------  ----------  --------------  -------------------  ----------------------
/opt/airflow/dags/daily_mbta_delay_etl.py    256  0.00s             1           0  0.16s           2025-12-02T04:54:54                      12
================================================================================
[2025-12-02T04:55:54.846+0000] {manager.py:997} INFO - 
================================================================================
DAG File Processing Stats

File Path                                    PID  Runtime      # DAGs    # Errors  Last Runtime    Last Run               Last # of DB Queries
-----------------------------------------  -----  ---------  --------  ----------  --------------  -------------------  ----------------------
/opt/airflow/dags/daily_mbta_delay_etl.py    262  0.00s             1           0  0.15s           2025-12-02T04:55:24                      12
================================================================================
[2025-12-02T04:56:25.309+0000] {manager.py:997} INFO - 
================================================================================
DAG File Processing Stats

File Path                                    PID  Runtime      # DAGs    # Errors  Last Runtime    Last Run               Last # of DB Queries
-----------------------------------------  -----  ---------  --------  ----------  --------------  -------------------  ----------------------
/opt/airflow/dags/daily_mbta_delay_etl.py    268  0.01s             1           0  0.15s           2025-12-02T04:55:54                      12
================================================================================
[2025-12-02T04:56:55.638+0000] {manager.py:997} INFO - 
================================================================================
DAG File Processing Stats

File Path                                    PID  Runtime      # DAGs    # Errors  Last Runtime    Last Run               Last # of DB Queries
-----------------------------------------  -----  ---------  --------  ----------  --------------  -------------------  ----------------------
/opt/airflow/dags/daily_mbta_delay_etl.py    274  0.01s             1           0  0.16s           2025-12-02T04:56:25                      12
================================================================================
[2025-12-02T04:57:26.014+0000] {manager.py:997} INFO - 
================================================================================
DAG File Processing Stats

File Path                                    PID  Runtime      # DAGs    # Errors  Last Runtime    Last Run               Last # of DB Queries
-----------------------------------------  -----  ---------  --------  ----------  --------------  -------------------  ----------------------
/opt/airflow/dags/daily_mbta_delay_etl.py    280  0.01s             1           0  0.18s           2025-12-02T04:56:55                      12
================================================================================
[2025-12-02T04:57:56.398+0000] {manager.py:997} INFO - 
================================================================================
DAG File Processing Stats

File Path                                    PID  Runtime      # DAGs    # Errors  Last Runtime    Last Run               Last # of DB Queries
-----------------------------------------  -----  ---------  --------  ----------  --------------  -------------------  ----------------------
/opt/airflow/dags/daily_mbta_delay_etl.py    286  0.01s             1           0  0.18s           2025-12-02T04:57:26                      12
================================================================================
[2025-12-02T04:58:26.717+0000] {manager.py:997} INFO - 
================================================================================
DAG File Processing Stats

File Path                                    PID  Runtime      # DAGs    # Errors  Last Runtime    Last Run               Last # of DB Queries
-----------------------------------------  -----  ---------  --------  ----------  --------------  -------------------  ----------------------
/opt/airflow/dags/daily_mbta_delay_etl.py    292  0.01s             1           0  0.19s           2025-12-02T04:57:56                      12
================================================================================
[2025-12-02T04:58:57.163+0000] {manager.py:997} INFO - 
================================================================================
DAG File Processing Stats

File Path                                    PID  Runtime      # DAGs    # Errors  Last Runtime    Last Run               Last # of DB Queries
-----------------------------------------  -----  ---------  --------  ----------  --------------  -------------------  ----------------------
/opt/airflow/dags/daily_mbta_delay_etl.py    298  0.00s             1           0  0.16s           2025-12-02T04:58:26                      12
================================================================================
[2025-12-02T04:59:27.506+0000] {manager.py:997} INFO - 
================================================================================
DAG File Processing Stats

File Path                                    PID  Runtime      # DAGs    # Errors  Last Runtime    Last Run               Last # of DB Queries
-----------------------------------------  -----  ---------  --------  ----------  --------------  -------------------  ----------------------
/opt/airflow/dags/daily_mbta_delay_etl.py    304  0.01s             1           0  0.17s           2025-12-02T04:58:57                      12
================================================================================
[2025-12-02T04:59:57.936+0000] {manager.py:997} INFO - 
================================================================================
DAG File Processing Stats

File Path                                    PID  Runtime      # DAGs    # Errors  Last Runtime    Last Run               Last # of DB Queries
-----------------------------------------  -----  ---------  --------  ----------  --------------  -------------------  ----------------------
/opt/airflow/dags/daily_mbta_delay_etl.py    310  0.01s             1           0  0.25s           2025-12-02T04:59:27                      12
================================================================================
[2025-12-02T05:00:22.273+0000] {manager.py:821} INFO - Searching for files in /opt/airflow/dags
[2025-12-02T05:00:22.277+0000] {manager.py:824} INFO - There are 1 files in /opt/airflow/dags
[2025-12-02T05:00:28.360+0000] {manager.py:997} INFO - 
================================================================================
DAG File Processing Stats

File Path                                    PID  Runtime      # DAGs    # Errors  Last Runtime    Last Run               Last # of DB Queries
-----------------------------------------  -----  ---------  --------  ----------  --------------  -------------------  ----------------------
/opt/airflow/dags/daily_mbta_delay_etl.py    316  0.01s             1           0  0.16s           2025-12-02T04:59:58                      12
================================================================================
[2025-12-02T05:00:58.669+0000] {manager.py:997} INFO - 
================================================================================
DAG File Processing Stats

File Path                                    PID  Runtime      # DAGs    # Errors  Last Runtime    Last Run               Last # of DB Queries
-----------------------------------------  -----  ---------  --------  ----------  --------------  -------------------  ----------------------
/opt/airflow/dags/daily_mbta_delay_etl.py    322  0.01s             1           0  0.16s           2025-12-02T05:00:28                      12
================================================================================
[2025-12-02T05:01:29.105+0000] {manager.py:997} INFO - 
================================================================================
DAG File Processing Stats

File Path                                    PID  Runtime      # DAGs    # Errors  Last Runtime    Last Run               Last # of DB Queries
-----------------------------------------  -----  ---------  --------  ----------  --------------  -------------------  ----------------------
/opt/airflow/dags/daily_mbta_delay_etl.py    328  0.01s             1           0  0.25s           2025-12-02T05:00:58                      12
================================================================================
[2025-12-02T05:01:59.457+0000] {manager.py:997} INFO - 
================================================================================
DAG File Processing Stats

File Path                                    PID  Runtime      # DAGs    # Errors  Last Runtime    Last Run               Last # of DB Queries
-----------------------------------------  -----  ---------  --------  ----------  --------------  -------------------  ----------------------
/opt/airflow/dags/daily_mbta_delay_etl.py    334  0.01s             1           0  0.16s           2025-12-02T05:01:29                      12
================================================================================
[2025-12-02T05:02:29.754+0000] {manager.py:997} INFO - 
================================================================================
DAG File Processing Stats

File Path                                    PID  Runtime      # DAGs    # Errors  Last Runtime    Last Run               Last # of DB Queries
-----------------------------------------  -----  ---------  --------  ----------  --------------  -------------------  ----------------------
/opt/airflow/dags/daily_mbta_delay_etl.py    340  0.01s             1           0  0.16s           2025-12-02T05:01:59                      12
================================================================================
[2025-12-02T05:03:00.176+0000] {manager.py:997} INFO - 
================================================================================
DAG File Processing Stats

File Path                                    PID  Runtime      # DAGs    # Errors  Last Runtime    Last Run               Last # of DB Queries
-----------------------------------------  -----  ---------  --------  ----------  --------------  -------------------  ----------------------
/opt/airflow/dags/daily_mbta_delay_etl.py    346  0.01s             1           0  0.22s           2025-12-02T05:02:29                      12
================================================================================
[2025-12-02T05:03:30.589+0000] {manager.py:997} INFO - 
================================================================================
DAG File Processing Stats

File Path                                    PID  Runtime      # DAGs    # Errors  Last Runtime    Last Run               Last # of DB Queries
-----------------------------------------  -----  ---------  --------  ----------  --------------  -------------------  ----------------------
/opt/airflow/dags/daily_mbta_delay_etl.py    352  0.01s             1           0  0.18s           2025-12-02T05:03:00                      12
================================================================================
[2025-12-02T05:04:00.898+0000] {manager.py:997} INFO - 
================================================================================
DAG File Processing Stats

File Path                                    PID  Runtime      # DAGs    # Errors  Last Runtime    Last Run               Last # of DB Queries
-----------------------------------------  -----  ---------  --------  ----------  --------------  -------------------  ----------------------
/opt/airflow/dags/daily_mbta_delay_etl.py    358  0.01s             1           0  0.16s           2025-12-02T05:03:30                      12
================================================================================
[2025-12-02T05:04:31.316+0000] {manager.py:997} INFO - 
================================================================================
DAG File Processing Stats

File Path                                    PID  Runtime      # DAGs    # Errors  Last Runtime    Last Run               Last # of DB Queries
-----------------------------------------  -----  ---------  --------  ----------  --------------  -------------------  ----------------------
/opt/airflow/dags/daily_mbta_delay_etl.py    364  0.01s             1           0  0.16s           2025-12-02T05:04:01                      12
================================================================================
[2025-12-02T05:05:01.691+0000] {manager.py:997} INFO - 
================================================================================
DAG File Processing Stats

File Path                                    PID  Runtime      # DAGs    # Errors  Last Runtime    Last Run               Last # of DB Queries
-----------------------------------------  -----  ---------  --------  ----------  --------------  -------------------  ----------------------
/opt/airflow/dags/daily_mbta_delay_etl.py    370  0.00s             1           0  0.24s           2025-12-02T05:04:31                      12
================================================================================
[2025-12-02T05:05:23.010+0000] {manager.py:821} INFO - Searching for files in /opt/airflow/dags
[2025-12-02T05:05:23.018+0000] {manager.py:824} INFO - There are 1 files in /opt/airflow/dags
[2025-12-02T05:05:32.136+0000] {manager.py:997} INFO - 
================================================================================
DAG File Processing Stats

File Path                                    PID  Runtime      # DAGs    # Errors  Last Runtime    Last Run               Last # of DB Queries
-----------------------------------------  -----  ---------  --------  ----------  --------------  -------------------  ----------------------
/opt/airflow/dags/daily_mbta_delay_etl.py    376  0.01s             1           0  0.17s           2025-12-02T05:05:01                      12
================================================================================
[2025-12-02T05:06:02.445+0000] {manager.py:997} INFO - 
================================================================================
DAG File Processing Stats

File Path                                    PID  Runtime      # DAGs    # Errors  Last Runtime    Last Run               Last # of DB Queries
-----------------------------------------  -----  ---------  --------  ----------  --------------  -------------------  ----------------------
/opt/airflow/dags/daily_mbta_delay_etl.py    382  0.01s             1           0  0.18s           2025-12-02T05:05:32                      12
================================================================================
[2025-12-02T05:06:32.854+0000] {manager.py:997} INFO - 
================================================================================
DAG File Processing Stats

File Path                                    PID  Runtime      # DAGs    # Errors  Last Runtime    Last Run               Last # of DB Queries
-----------------------------------------  -----  ---------  --------  ----------  --------------  -------------------  ----------------------
/opt/airflow/dags/daily_mbta_delay_etl.py    388  0.01s             1           0  0.25s           2025-12-02T05:06:02                      12
================================================================================
[2025-12-02T05:07:03.299+0000] {manager.py:997} INFO - 
================================================================================
DAG File Processing Stats

File Path                                    PID  Runtime      # DAGs    # Errors  Last Runtime    Last Run               Last # of DB Queries
-----------------------------------------  -----  ---------  --------  ----------  --------------  -------------------  ----------------------
/opt/airflow/dags/daily_mbta_delay_etl.py    394  0.01s             1           0  0.18s           2025-12-02T05:06:33                      12
================================================================================
[2025-12-02T05:07:33.622+0000] {manager.py:997} INFO - 
================================================================================
DAG File Processing Stats

File Path                                    PID  Runtime      # DAGs    # Errors  Last Runtime    Last Run               Last # of DB Queries
-----------------------------------------  -----  ---------  --------  ----------  --------------  -------------------  ----------------------
/opt/airflow/dags/daily_mbta_delay_etl.py    400  0.01s             1           0  0.16s           2025-12-02T05:07:03                      12
================================================================================
[2025-12-02T05:08:04.028+0000] {manager.py:997} INFO - 
================================================================================
DAG File Processing Stats

File Path                                    PID  Runtime      # DAGs    # Errors  Last Runtime    Last Run               Last # of DB Queries
-----------------------------------------  -----  ---------  --------  ----------  --------------  -------------------  ----------------------
/opt/airflow/dags/daily_mbta_delay_etl.py    406  0.01s             1           0  0.24s           2025-12-02T05:07:33                      12
================================================================================
[2025-12-02T05:08:34.445+0000] {manager.py:997} INFO - 
================================================================================
DAG File Processing Stats

File Path                                    PID  Runtime      # DAGs    # Errors  Last Runtime    Last Run               Last # of DB Queries
-----------------------------------------  -----  ---------  --------  ----------  --------------  -------------------  ----------------------
/opt/airflow/dags/daily_mbta_delay_etl.py    412  0.00s             1           0  0.16s           2025-12-02T05:08:04                      12
================================================================================
[2025-12-02T05:09:04.772+0000] {manager.py:997} INFO - 
================================================================================
DAG File Processing Stats

File Path                                    PID  Runtime      # DAGs    # Errors  Last Runtime    Last Run               Last # of DB Queries
-----------------------------------------  -----  ---------  --------  ----------  --------------  -------------------  ----------------------
/opt/airflow/dags/daily_mbta_delay_etl.py    418  0.01s             1           0  0.15s           2025-12-02T05:08:34                      12
================================================================================
[2025-12-02T05:09:35.152+0000] {manager.py:997} INFO - 
================================================================================
DAG File Processing Stats

File Path                                    PID  Runtime      # DAGs    # Errors  Last Runtime    Last Run               Last # of DB Queries
-----------------------------------------  -----  ---------  --------  ----------  --------------  -------------------  ----------------------
/opt/airflow/dags/daily_mbta_delay_etl.py    424  0.01s             1           0  0.22s           2025-12-02T05:09:04                      12
================================================================================
[2025-12-02T05:10:05.542+0000] {manager.py:997} INFO - 
================================================================================
DAG File Processing Stats

File Path                                    PID  Runtime      # DAGs    # Errors  Last Runtime    Last Run               Last # of DB Queries
-----------------------------------------  -----  ---------  --------  ----------  --------------  -------------------  ----------------------
/opt/airflow/dags/daily_mbta_delay_etl.py    430  0.01s             1           0  0.23s           2025-12-02T05:09:35                      12
================================================================================
[2025-12-02T05:10:23.808+0000] {manager.py:821} INFO - Searching for files in /opt/airflow/dags
[2025-12-02T05:10:23.815+0000] {manager.py:824} INFO - There are 1 files in /opt/airflow/dags
[2025-12-02T05:10:35.969+0000] {manager.py:997} INFO - 
================================================================================
DAG File Processing Stats

File Path                                    PID  Runtime      # DAGs    # Errors  Last Runtime    Last Run               Last # of DB Queries
-----------------------------------------  -----  ---------  --------  ----------  --------------  -------------------  ----------------------
/opt/airflow/dags/daily_mbta_delay_etl.py    436  0.00s             1           0  0.16s           2025-12-02T05:10:05                      12
================================================================================
[2025-12-02T05:11:06.280+0000] {manager.py:997} INFO - 
================================================================================
DAG File Processing Stats

File Path                                    PID  Runtime      # DAGs    # Errors  Last Runtime    Last Run               Last # of DB Queries
-----------------------------------------  -----  ---------  --------  ----------  --------------  -------------------  ----------------------
/opt/airflow/dags/daily_mbta_delay_etl.py    442  0.01s             1           0  0.21s           2025-12-02T05:10:36                      12
================================================================================
[2025-12-02T05:11:36.772+0000] {manager.py:997} INFO - 
================================================================================
DAG File Processing Stats

File Path                                    PID  Runtime      # DAGs    # Errors  Last Runtime    Last Run               Last # of DB Queries
-----------------------------------------  -----  ---------  --------  ----------  --------------  -------------------  ----------------------
/opt/airflow/dags/daily_mbta_delay_etl.py    448  0.01s             1           0  0.24s           2025-12-02T05:11:06                      12
================================================================================
[2025-12-02T05:12:07.103+0000] {manager.py:997} INFO - 
================================================================================
DAG File Processing Stats

File Path                                    PID  Runtime      # DAGs    # Errors  Last Runtime    Last Run               Last # of DB Queries
-----------------------------------------  -----  ---------  --------  ----------  --------------  -------------------  ----------------------
/opt/airflow/dags/daily_mbta_delay_etl.py    454  0.01s             1           0  0.16s           2025-12-02T05:11:36                      12
================================================================================
[2025-12-02T05:12:37.471+0000] {manager.py:997} INFO - 
================================================================================
DAG File Processing Stats

File Path                                    PID  Runtime      # DAGs    # Errors  Last Runtime    Last Run               Last # of DB Queries
-----------------------------------------  -----  ---------  --------  ----------  --------------  -------------------  ----------------------
/opt/airflow/dags/daily_mbta_delay_etl.py    460  0.01s             1           0  0.23s           2025-12-02T05:12:07                      12
================================================================================
[2025-12-02T05:13:07.892+0000] {manager.py:997} INFO - 
================================================================================
DAG File Processing Stats

File Path                                    PID  Runtime      # DAGs    # Errors  Last Runtime    Last Run               Last # of DB Queries
-----------------------------------------  -----  ---------  --------  ----------  --------------  -------------------  ----------------------
/opt/airflow/dags/daily_mbta_delay_etl.py    466  0.01s             1           0  0.27s           2025-12-02T05:12:37                      12
================================================================================
[2025-12-02T05:13:38.324+0000] {manager.py:997} INFO - 
================================================================================
DAG File Processing Stats

File Path                                    PID  Runtime      # DAGs    # Errors  Last Runtime    Last Run               Last # of DB Queries
-----------------------------------------  -----  ---------  --------  ----------  --------------  -------------------  ----------------------
/opt/airflow/dags/daily_mbta_delay_etl.py    472  0.01s             1           0  0.23s           2025-12-02T05:13:08                      12
================================================================================
[2025-12-02T05:14:08.680+0000] {manager.py:997} INFO - 
================================================================================
DAG File Processing Stats

File Path                                    PID  Runtime      # DAGs    # Errors  Last Runtime    Last Run               Last # of DB Queries
-----------------------------------------  -----  ---------  --------  ----------  --------------  -------------------  ----------------------
/opt/airflow/dags/daily_mbta_delay_etl.py    478  0.01s             1           0  0.22s           2025-12-02T05:13:38                      12
================================================================================
[2025-12-02T05:14:39.135+0000] {manager.py:997} INFO - 
================================================================================
DAG File Processing Stats

File Path                                    PID  Runtime      # DAGs    # Errors  Last Runtime    Last Run               Last # of DB Queries
-----------------------------------------  -----  ---------  --------  ----------  --------------  -------------------  ----------------------
/opt/airflow/dags/daily_mbta_delay_etl.py    484  0.00s             1           0  0.23s           2025-12-02T05:14:08                      12
================================================================================
[2025-12-02T05:15:09.422+0000] {manager.py:997} INFO - 
================================================================================
DAG File Processing Stats

File Path                                    PID  Runtime      # DAGs    # Errors  Last Runtime    Last Run               Last # of DB Queries
-----------------------------------------  -----  ---------  --------  ----------  --------------  -------------------  ----------------------
/opt/airflow/dags/daily_mbta_delay_etl.py    490  0.01s             1           0  0.27s           2025-12-02T05:14:39                      12
================================================================================
[2025-12-02T05:15:24.768+0000] {manager.py:821} INFO - Searching for files in /opt/airflow/dags
[2025-12-02T05:15:24.771+0000] {manager.py:824} INFO - There are 1 files in /opt/airflow/dags
[2025-12-02T05:15:39.936+0000] {manager.py:997} INFO - 
================================================================================
DAG File Processing Stats

File Path                                    PID  Runtime      # DAGs    # Errors  Last Runtime    Last Run               Last # of DB Queries
-----------------------------------------  -----  ---------  --------  ----------  --------------  -------------------  ----------------------
/opt/airflow/dags/daily_mbta_delay_etl.py    496  0.01s             1           0  0.22s           2025-12-02T05:15:09                      12
================================================================================
[2025-12-02T05:16:10.270+0000] {manager.py:997} INFO - 
================================================================================
DAG File Processing Stats

File Path                                    PID  Runtime      # DAGs    # Errors  Last Runtime    Last Run               Last # of DB Queries
-----------------------------------------  -----  ---------  --------  ----------  --------------  -------------------  ----------------------
/opt/airflow/dags/daily_mbta_delay_etl.py    502  0.01s             1           0  0.22s           2025-12-02T05:15:40                      12
================================================================================
